/!\ FAILSAFE /!\  Thu Dec 24 22:30:07 +0530 2009
  Status: 500 Internal Server Error
  Unknown database 'sphinx_example'
    C:/Ruby/lib/ruby/gems/1.8/gems/activerecord-2.3.5/lib/active_record/connection_adapters/mysql_adapter.rb:589:in `real_connect'
    C:/Ruby/lib/ruby/gems/1.8/gems/activerecord-2.3.5/lib/active_record/connection_adapters/mysql_adapter.rb:589:in `connect'
    C:/Ruby/lib/ruby/gems/1.8/gems/activerecord-2.3.5/lib/active_record/connection_adapters/mysql_adapter.rb:203:in `initialize'
    C:/Ruby/lib/ruby/gems/1.8/gems/activerecord-2.3.5/lib/active_record/connection_adapters/mysql_adapter.rb:75:in `new'
    C:/Ruby/lib/ruby/gems/1.8/gems/activerecord-2.3.5/lib/active_record/connection_adapters/mysql_adapter.rb:75:in `mysql_connection'
    C:/Ruby/lib/ruby/gems/1.8/gems/activerecord-2.3.5/lib/active_record/connection_adapters/abstract/connection_pool.rb:223:in `send'
    C:/Ruby/lib/ruby/gems/1.8/gems/activerecord-2.3.5/lib/active_record/connection_adapters/abstract/connection_pool.rb:223:in `new_connection'
    C:/Ruby/lib/ruby/gems/1.8/gems/activerecord-2.3.5/lib/active_record/connection_adapters/abstract/connection_pool.rb:245:in `checkout_new_connection'
    C:/Ruby/lib/ruby/gems/1.8/gems/activerecord-2.3.5/lib/active_record/connection_adapters/abstract/connection_pool.rb:188:in `checkout'
    C:/Ruby/lib/ruby/gems/1.8/gems/activerecord-2.3.5/lib/active_record/connection_adapters/abstract/connection_pool.rb:184:in `loop'
    C:/Ruby/lib/ruby/gems/1.8/gems/activerecord-2.3.5/lib/active_record/connection_adapters/abstract/connection_pool.rb:184:in `checkout'
    C:/Ruby/lib/ruby/1.8/monitor.rb:242:in `synchronize'
    C:/Ruby/lib/ruby/gems/1.8/gems/activerecord-2.3.5/lib/active_record/connection_adapters/abstract/connection_pool.rb:183:in `checkout'
    C:/Ruby/lib/ruby/gems/1.8/gems/activerecord-2.3.5/lib/active_record/connection_adapters/abstract/connection_pool.rb:98:in `connection'
    C:/Ruby/lib/ruby/gems/1.8/gems/activerecord-2.3.5/lib/active_record/connection_adapters/abstract/connection_pool.rb:326:in `retrieve_connection'
    C:/Ruby/lib/ruby/gems/1.8/gems/activerecord-2.3.5/lib/active_record/connection_adapters/abstract/connection_specification.rb:123:in `retrieve_connection'
    C:/Ruby/lib/ruby/gems/1.8/gems/activerecord-2.3.5/lib/active_record/connection_adapters/abstract/connection_specification.rb:115:in `connection'
    C:/Ruby/lib/ruby/gems/1.8/gems/activerecord-2.3.5/lib/active_record/query_cache.rb:9:in `cache'
    C:/Ruby/lib/ruby/gems/1.8/gems/activerecord-2.3.5/lib/active_record/query_cache.rb:28:in `call'
    C:/Ruby/lib/ruby/gems/1.8/gems/activerecord-2.3.5/lib/active_record/connection_adapters/abstract/connection_pool.rb:361:in `call'
    C:/Ruby/lib/ruby/gems/1.8/gems/actionpack-2.3.5/lib/action_controller/string_coercion.rb:25:in `call'
    C:/Ruby/lib/ruby/gems/1.8/gems/rack-1.0.1/lib/rack/head.rb:9:in `call'
    C:/Ruby/lib/ruby/gems/1.8/gems/rack-1.0.1/lib/rack/methodoverride.rb:24:in `call'
    C:/Ruby/lib/ruby/gems/1.8/gems/actionpack-2.3.5/lib/action_controller/params_parser.rb:15:in `call'
    C:/Ruby/lib/ruby/gems/1.8/gems/actionpack-2.3.5/lib/action_controller/session/cookie_store.rb:93:in `call'
    C:/Ruby/lib/ruby/gems/1.8/gems/actionpack-2.3.5/lib/action_controller/failsafe.rb:26:in `call'
    C:/Ruby/lib/ruby/gems/1.8/gems/rack-1.0.1/lib/rack/lock.rb:11:in `call'
    C:/Ruby/lib/ruby/gems/1.8/gems/rack-1.0.1/lib/rack/lock.rb:11:in `synchronize'
    C:/Ruby/lib/ruby/gems/1.8/gems/rack-1.0.1/lib/rack/lock.rb:11:in `call'
    C:/Ruby/lib/ruby/gems/1.8/gems/actionpack-2.3.5/lib/action_controller/dispatcher.rb:114:in `call'
    C:/Ruby/lib/ruby/gems/1.8/gems/actionpack-2.3.5/lib/action_controller/reloader.rb:34:in `run'
    C:/Ruby/lib/ruby/gems/1.8/gems/actionpack-2.3.5/lib/action_controller/dispatcher.rb:108:in `call'
    C:/Ruby/lib/ruby/gems/1.8/gems/rails-2.3.5/lib/rails/rack/static.rb:31:in `call'
    C:/Ruby/lib/ruby/gems/1.8/gems/rack-1.0.1/lib/rack/urlmap.rb:46:in `call'
    C:/Ruby/lib/ruby/gems/1.8/gems/rack-1.0.1/lib/rack/urlmap.rb:40:in `each'
    C:/Ruby/lib/ruby/gems/1.8/gems/rack-1.0.1/lib/rack/urlmap.rb:40:in `call'
    C:/Ruby/lib/ruby/gems/1.8/gems/rails-2.3.5/lib/rails/rack/log_tailer.rb:17:in `call'
    C:/Ruby/lib/ruby/gems/1.8/gems/rack-1.0.1/lib/rack/content_length.rb:13:in `call'
    C:/Ruby/lib/ruby/gems/1.8/gems/rack-1.0.1/lib/rack/handler/webrick.rb:50:in `service'
    C:/Ruby/lib/ruby/1.8/webrick/httpserver.rb:104:in `service'
    C:/Ruby/lib/ruby/1.8/webrick/httpserver.rb:65:in `run'
    C:/Ruby/lib/ruby/1.8/webrick/server.rb:173:in `start_thread'
    C:/Ruby/lib/ruby/1.8/webrick/server.rb:162:in `start'
    C:/Ruby/lib/ruby/1.8/webrick/server.rb:162:in `start_thread'
    C:/Ruby/lib/ruby/1.8/webrick/server.rb:95:in `start'
    C:/Ruby/lib/ruby/1.8/webrick/server.rb:92:in `each'
    C:/Ruby/lib/ruby/1.8/webrick/server.rb:92:in `start'
    C:/Ruby/lib/ruby/1.8/webrick/server.rb:23:in `start'
    C:/Ruby/lib/ruby/1.8/webrick/server.rb:82:in `start'
    C:/Ruby/lib/ruby/gems/1.8/gems/rack-1.0.1/lib/rack/handler/webrick.rb:14:in `run'
    C:/Ruby/lib/ruby/gems/1.8/gems/rails-2.3.5/lib/commands/server.rb:111
    C:/Ruby/lib/ruby/site_ruby/1.8/rubygems/custom_require.rb:31:in `gem_original_require'
    C:/Ruby/lib/ruby/site_ruby/1.8/rubygems/custom_require.rb:31:in `require'
    script/server:3
  [4;36;1mSQL (0.0ms)[0m   [0;1mSET NAMES 'utf8'[0m
  [4;35;1mSQL (0.0ms)[0m   [0mSET SQL_AUTO_IS_NULL=0[0m
  [4;36;1mSQL (0.0ms)[0m   [0;1mSHOW TABLES[0m
  [4;35;1mSQL (63.0ms)[0m   [0mCREATE TABLE `schema_migrations` (`version` varchar(255) NOT NULL) ENGINE=InnoDB[0m
  [4;36;1mSQL (140.0ms)[0m   [0;1mCREATE UNIQUE INDEX `unique_schema_migrations` ON `schema_migrations` (`version`)[0m
  [4;35;1mSQL (0.0ms)[0m   [0mSHOW TABLES[0m
  [4;36;1mSQL (0.0ms)[0m   [0;1mSELECT version FROM schema_migrations[0m
Migrating to CreatePosts (20091224164734)
  [4;35;1mSQL (31.0ms)[0m   [0mCREATE TABLE `posts` (`id` int(11) DEFAULT NULL auto_increment PRIMARY KEY, `title` varchar(255), `body` text, `created_at` datetime, `updated_at` datetime) ENGINE=InnoDB[0m
  [4;36;1mSQL (31.0ms)[0m   [0;1mINSERT INTO schema_migrations (version) VALUES ('20091224164734')[0m
  [4;35;1mSQL (0.0ms)[0m   [0mSHOW TABLES[0m
  [4;36;1mSQL (0.0ms)[0m   [0;1mSELECT version FROM schema_migrations[0m
  [4;35;1mSQL (0.0ms)[0m   [0mSHOW TABLES[0m
  [4;36;1mSQL (0.0ms)[0m   [0;1mSHOW FIELDS FROM `posts`[0m
  [4;35;1mSQL (16.0ms)[0m   [0mdescribe `posts`[0m
  [4;36;1mSQL (0.0ms)[0m   [0;1mSHOW KEYS FROM `posts`[0m
  [4;36;1mSQL (0.0ms)[0m   [0;1mSET NAMES 'utf8'[0m
  [4;35;1mSQL (0.0ms)[0m   [0mSET SQL_AUTO_IS_NULL=0[0m


Processing PostsController#index (for 127.0.0.1 at 2009-12-25 09:11:07) [GET]
  [4;36;1mPost Load (0.0ms)[0m   [0;1mSELECT * FROM `posts` [0m
Rendering template within layouts/posts
Rendering posts/index
Completed in 3853ms (View: 3853, DB: 0) | 200 OK [http://localhost/posts]
  [4;35;1mSQL (0.0ms)[0m   [0mSET NAMES 'utf8'[0m
  [4;36;1mSQL (0.0ms)[0m   [0;1mSET SQL_AUTO_IS_NULL=0[0m


Processing PostsController#new (for 127.0.0.1 at 2009-12-25 09:11:20) [GET]
  [4;35;1mPost Columns (0.0ms)[0m   [0mSHOW FIELDS FROM `posts`[0m
Rendering template within layouts/posts
Rendering posts/new
Completed in 47ms (View: 31, DB: 0) | 200 OK [http://localhost/posts/new]
  [4;36;1mSQL (0.0ms)[0m   [0;1mSET NAMES 'utf8'[0m
  [4;35;1mSQL (0.0ms)[0m   [0mSET SQL_AUTO_IS_NULL=0[0m


Processing PostsController#create (for 127.0.0.1 at 2009-12-25 09:11:49) [POST]
  Parameters: {"commit"=>"Create", "authenticity_token"=>"CcFkyAhnUstCBBw+O+CaPCVJBcOmsg8eDEAVqQIPPKo=", "post"=>{"body"=>"This post is about ruby on rails.", "title"=>"Rails"}}
  [4;36;1mPost Columns (16.0ms)[0m   [0;1mSHOW FIELDS FROM `posts`[0m
  [4;35;1mSQL (0.0ms)[0m   [0mBEGIN[0m
  [4;36;1mPost Create (0.0ms)[0m   [0;1mINSERT INTO `posts` (`updated_at`, `title`, `body`, `created_at`) VALUES('2009-12-25 03:41:50', 'Rails', 'This post is about ruby on rails.', '2009-12-25 03:41:50')[0m
  [4;35;1mSQL (15.0ms)[0m   [0mCOMMIT[0m
Redirected to http://localhost:3000/posts/1
Completed in 31ms (DB: 31) | 302 Found [http://localhost/posts]
  [4;36;1mSQL (0.0ms)[0m   [0;1mSET NAMES 'utf8'[0m
  [4;35;1mSQL (0.0ms)[0m   [0mSET SQL_AUTO_IS_NULL=0[0m


Processing PostsController#show (for 127.0.0.1 at 2009-12-25 09:11:51) [GET]
  Parameters: {"id"=>"1"}
  [4;36;1mPost Columns (0.0ms)[0m   [0;1mSHOW FIELDS FROM `posts`[0m
  [4;35;1mPost Load (0.0ms)[0m   [0mSELECT * FROM `posts` WHERE (`posts`.`id` = 1) [0m
Rendering template within layouts/posts
Rendering posts/show
Completed in 31ms (View: 16, DB: 0) | 200 OK [http://localhost/posts/1]
  [4;36;1mSQL (0.0ms)[0m   [0;1mSET NAMES 'utf8'[0m
  [4;35;1mSQL (0.0ms)[0m   [0mSET SQL_AUTO_IS_NULL=0[0m


Processing PostsController#index (for 127.0.0.1 at 2009-12-25 09:11:53) [GET]
  [4;36;1mPost Load (0.0ms)[0m   [0;1mSELECT * FROM `posts` [0m
Rendering template within layouts/posts
Rendering posts/index
  [4;35;1mPost Columns (0.0ms)[0m   [0mSHOW FIELDS FROM `posts`[0m
Completed in 47ms (View: 31, DB: 0) | 200 OK [http://localhost/posts]
  [4;36;1mSQL (0.0ms)[0m   [0;1mSET NAMES 'utf8'[0m
  [4;35;1mSQL (0.0ms)[0m   [0mSET SQL_AUTO_IS_NULL=0[0m


Processing PostsController#new (for 127.0.0.1 at 2009-12-25 09:11:55) [GET]
  [4;36;1mPost Columns (15.0ms)[0m   [0;1mSHOW FIELDS FROM `posts`[0m
Rendering template within layouts/posts
Rendering posts/new
Completed in 15ms (View: 0, DB: 15) | 200 OK [http://localhost/posts/new]
  [4;35;1mSQL (0.0ms)[0m   [0mSET NAMES 'utf8'[0m
  [4;36;1mSQL (0.0ms)[0m   [0;1mSET SQL_AUTO_IS_NULL=0[0m


Processing PostsController#create (for 127.0.0.1 at 2009-12-25 09:12:12) [POST]
  Parameters: {"commit"=>"Create", "authenticity_token"=>"CcFkyAhnUstCBBw+O+CaPCVJBcOmsg8eDEAVqQIPPKo=", "post"=>{"body"=>"This post is about Wordpress.", "title"=>"Wordpress"}}
  [4;35;1mPost Columns (15.0ms)[0m   [0mSHOW FIELDS FROM `posts`[0m
  [4;36;1mSQL (0.0ms)[0m   [0;1mBEGIN[0m
  [4;35;1mPost Create (0.0ms)[0m   [0mINSERT INTO `posts` (`updated_at`, `title`, `body`, `created_at`) VALUES('2009-12-25 03:42:12', 'Wordpress', 'This post is about Wordpress.', '2009-12-25 03:42:12')[0m
  [4;36;1mSQL (47.0ms)[0m   [0;1mCOMMIT[0m
Redirected to http://localhost:3000/posts/2
Completed in 62ms (DB: 62) | 302 Found [http://localhost/posts]
  [4;35;1mSQL (0.0ms)[0m   [0mSET NAMES 'utf8'[0m
  [4;36;1mSQL (0.0ms)[0m   [0;1mSET SQL_AUTO_IS_NULL=0[0m


Processing PostsController#show (for 127.0.0.1 at 2009-12-25 09:12:12) [GET]
  Parameters: {"id"=>"2"}
  [4;35;1mPost Columns (0.0ms)[0m   [0mSHOW FIELDS FROM `posts`[0m
  [4;36;1mPost Load (0.0ms)[0m   [0;1mSELECT * FROM `posts` WHERE (`posts`.`id` = 2) [0m
Rendering template within layouts/posts
Rendering posts/show
Completed in 125ms (View: 16, DB: 0) | 200 OK [http://localhost/posts/2]
  [4;35;1mSQL (0.0ms)[0m   [0mSET NAMES 'utf8'[0m
  [4;36;1mSQL (0.0ms)[0m   [0;1mSET SQL_AUTO_IS_NULL=0[0m


Processing PostsController#index (for 127.0.0.1 at 2009-12-25 09:12:14) [GET]
  [4;35;1mPost Load (0.0ms)[0m   [0mSELECT * FROM `posts` [0m
Rendering template within layouts/posts
Rendering posts/index
  [4;36;1mPost Columns (0.0ms)[0m   [0;1mSHOW FIELDS FROM `posts`[0m
Completed in 31ms (View: 16, DB: 0) | 200 OK [http://localhost/posts]
  [4;35;1mSQL (0.0ms)[0m   [0mSET NAMES 'utf8'[0m
  [4;36;1mSQL (0.0ms)[0m   [0;1mSET SQL_AUTO_IS_NULL=0[0m


Processing PostsController#index (for 127.0.0.1 at 2009-12-25 09:36:56) [GET]
  [4;35;1mSQL (0.0ms)[0m   [0mSHOW TABLES[0m
  [4;36;1mPost Columns (16.0ms)[0m   [0;1mSHOW FIELDS FROM `posts`[0m
  [4;35;1mSQL (0.0ms)[0m   [0mSHOW TABLES[0m
  [4;36;1mPost Columns (0.0ms)[0m   [0;1mSHOW FIELDS FROM `posts`[0m

NameError (undefined local variable or method `indexes' for #<Class:0x7685eb4>):
  app/models/post.rb:3
  app/controllers/posts_controller.rb:5:in `index'
  C:/Ruby/lib/ruby/1.8/webrick/httpserver.rb:104:in `service'
  C:/Ruby/lib/ruby/1.8/webrick/httpserver.rb:65:in `run'
  C:/Ruby/lib/ruby/1.8/webrick/server.rb:173:in `start_thread'
  C:/Ruby/lib/ruby/1.8/webrick/server.rb:162:in `start'
  C:/Ruby/lib/ruby/1.8/webrick/server.rb:162:in `start_thread'
  C:/Ruby/lib/ruby/1.8/webrick/server.rb:95:in `start'
  C:/Ruby/lib/ruby/1.8/webrick/server.rb:92:in `each'
  C:/Ruby/lib/ruby/1.8/webrick/server.rb:92:in `start'
  C:/Ruby/lib/ruby/1.8/webrick/server.rb:23:in `start'
  C:/Ruby/lib/ruby/1.8/webrick/server.rb:82:in `start'

Rendered rescues/_trace (78.0ms)
Rendered rescues/_request_and_response (0.0ms)
Rendering rescues/layout (internal_server_error)
  [4;35;1mSQL (0.0ms)[0m   [0mSET NAMES 'utf8'[0m
  [4;36;1mSQL (0.0ms)[0m   [0;1mSET SQL_AUTO_IS_NULL=0[0m


Processing PostsController#index (for 127.0.0.1 at 2009-12-25 09:38:50) [GET]
  [4;35;1mPost Load (16.0ms)[0m   [0mSELECT * FROM `posts` [0m
Rendering template within layouts/posts
Rendering posts/index
  [4;36;1mPost Columns (0.0ms)[0m   [0;1mSHOW FIELDS FROM `posts`[0m
Completed in 62ms (View: 15, DB: 16) | 200 OK [http://localhost/posts]
  [4;36;1mSQL (0.0ms)[0m   [0;1mSET NAMES 'utf8'[0m
  [4;35;1mSQL (0.0ms)[0m   [0mSET SQL_AUTO_IS_NULL=0[0m
  [4;36;1mSQL (0.0ms)[0m   [0;1mSHOW TABLES[0m
  [4;35;1mPost Columns (0.0ms)[0m   [0mSHOW FIELDS FROM `posts`[0m
  [4;36;1mSQL (0.0ms)[0m   [0;1mSELECT @@global.sql_mode, @@session.sql_mode;[0m
  [4;35;1mSQL (0.0ms)[0m   [0mSET NAMES 'utf8'[0m
  [4;36;1mSQL (0.0ms)[0m   [0;1mSET SQL_AUTO_IS_NULL=0[0m


Processing PostsController#index (for 127.0.0.1 at 2009-12-25 09:47:03) [GET]
  [4;35;1mSQL (0.0ms)[0m   [0mSHOW TABLES[0m
  [4;36;1mPost Columns (0.0ms)[0m   [0;1mSHOW FIELDS FROM `posts`[0m
Rendering template within layouts/posts
Rendering posts/index
  [4;32;1mSphinx[0m   [0mQuerying: ''[0m
  [4;32;1mSphinx (0.016000s)[0m   [0mFound 2 results[0m
  [4;35;1mPost Load (0.0ms)[0m   [0mSELECT * FROM `posts` WHERE (`posts`.`id` IN (1,2)) [0m

ActionView::TemplateError (undefined local variable or method `end_form_tag' for #<ActionView::Base:0x7522158>) on line #6 of app/views/posts/index.html.erb:
3: <p>
4:   <%= form_tag %>
5:     <%= text_field_tag :params %>
6:   <%= end_form_tag %>
7: </p>
8: 
9: <table>

    app/views/posts/index.html.erb:6
    app/controllers/posts_controller.rb:7:in `index'
    C:/Ruby/lib/ruby/1.8/webrick/httpserver.rb:104:in `service'
    C:/Ruby/lib/ruby/1.8/webrick/httpserver.rb:65:in `run'
    C:/Ruby/lib/ruby/1.8/webrick/server.rb:173:in `start_thread'
    C:/Ruby/lib/ruby/1.8/webrick/server.rb:162:in `start'
    C:/Ruby/lib/ruby/1.8/webrick/server.rb:162:in `start_thread'
    C:/Ruby/lib/ruby/1.8/webrick/server.rb:95:in `start'
    C:/Ruby/lib/ruby/1.8/webrick/server.rb:92:in `each'
    C:/Ruby/lib/ruby/1.8/webrick/server.rb:92:in `start'
    C:/Ruby/lib/ruby/1.8/webrick/server.rb:23:in `start'
    C:/Ruby/lib/ruby/1.8/webrick/server.rb:82:in `start'

Rendered rescues/_trace (187.0ms)
Rendered rescues/_request_and_response (0.0ms)
Rendering rescues/layout (internal_server_error)
  [4;36;1mSQL (0.0ms)[0m   [0;1mSET NAMES 'utf8'[0m
  [4;35;1mSQL (0.0ms)[0m   [0mSET SQL_AUTO_IS_NULL=0[0m


Processing PostsController#index (for 127.0.0.1 at 2009-12-25 09:48:04) [GET]
  [4;36;1mSQL (0.0ms)[0m   [0;1mSHOW TABLES[0m
  [4;35;1mPost Columns (16.0ms)[0m   [0mSHOW FIELDS FROM `posts`[0m
Rendering template within layouts/posts
Rendering posts/index
  [4;32;1mSphinx[0m   [0mQuerying: ''[0m
  [4;32;1mSphinx (0.015000s)[0m   [0mFound 2 results[0m
  [4;36;1mPost Load (0.0ms)[0m   [0;1mSELECT * FROM `posts` WHERE (`posts`.`id` IN (1,2)) [0m

ActionView::TemplateError (undefined local variable or method `end_form_tag' for #<ActionView::Base:0x76a1394>) on line #6 of app/views/posts/index.html.erb:
3: <p>
4:   <%= form_tag %>
5:     <%= text_field_tag :params %>
6:   <%= end_form_tag %>
7: </p>
8: 
9: <table>

    app/views/posts/index.html.erb:6
    app/controllers/posts_controller.rb:7:in `index'
    C:/Ruby/lib/ruby/1.8/webrick/httpserver.rb:104:in `service'
    C:/Ruby/lib/ruby/1.8/webrick/httpserver.rb:65:in `run'
    C:/Ruby/lib/ruby/1.8/webrick/server.rb:173:in `start_thread'
    C:/Ruby/lib/ruby/1.8/webrick/server.rb:162:in `start'
    C:/Ruby/lib/ruby/1.8/webrick/server.rb:162:in `start_thread'
    C:/Ruby/lib/ruby/1.8/webrick/server.rb:95:in `start'
    C:/Ruby/lib/ruby/1.8/webrick/server.rb:92:in `each'
    C:/Ruby/lib/ruby/1.8/webrick/server.rb:92:in `start'
    C:/Ruby/lib/ruby/1.8/webrick/server.rb:23:in `start'
    C:/Ruby/lib/ruby/1.8/webrick/server.rb:82:in `start'

Rendered rescues/_trace (94.0ms)
Rendered rescues/_request_and_response (0.0ms)
Rendering rescues/layout (internal_server_error)
  [4;35;1mSQL (0.0ms)[0m   [0mSET NAMES 'utf8'[0m
  [4;36;1mSQL (0.0ms)[0m   [0;1mSET SQL_AUTO_IS_NULL=0[0m


Processing PostsController#index (for 127.0.0.1 at 2009-12-25 09:48:11) [GET]
  [4;35;1mSQL (0.0ms)[0m   [0mSHOW TABLES[0m
  [4;36;1mPost Columns (16.0ms)[0m   [0;1mSHOW FIELDS FROM `posts`[0m
Rendering template within layouts/posts
Rendering posts/index
  [4;32;1mSphinx[0m   [0mQuerying: ''[0m
  [4;32;1mSphinx (0.016000s)[0m   [0mFound 2 results[0m
  [4;35;1mPost Load (0.0ms)[0m   [0mSELECT * FROM `posts` WHERE (`posts`.`id` IN (1,2)) [0m

ActionView::TemplateError (undefined local variable or method `end_form_tag' for #<ActionView::Base:0x7543aec>) on line #6 of app/views/posts/index.html.erb:
3: <p>
4:   <%= form_tag %>
5:     <%= text_field_tag :params %>
6:   <%= end_form_tag %>
7: </p>
8: 
9: <table>

    app/views/posts/index.html.erb:6
    app/controllers/posts_controller.rb:7:in `index'
    C:/Ruby/lib/ruby/1.8/webrick/httpserver.rb:104:in `service'
    C:/Ruby/lib/ruby/1.8/webrick/httpserver.rb:65:in `run'
    C:/Ruby/lib/ruby/1.8/webrick/server.rb:173:in `start_thread'
    C:/Ruby/lib/ruby/1.8/webrick/server.rb:162:in `start'
    C:/Ruby/lib/ruby/1.8/webrick/server.rb:162:in `start_thread'
    C:/Ruby/lib/ruby/1.8/webrick/server.rb:95:in `start'
    C:/Ruby/lib/ruby/1.8/webrick/server.rb:92:in `each'
    C:/Ruby/lib/ruby/1.8/webrick/server.rb:92:in `start'
    C:/Ruby/lib/ruby/1.8/webrick/server.rb:23:in `start'
    C:/Ruby/lib/ruby/1.8/webrick/server.rb:82:in `start'

Rendered rescues/_trace (187.0ms)
Rendered rescues/_request_and_response (0.0ms)
Rendering rescues/layout (internal_server_error)
  [4;36;1mSQL (0.0ms)[0m   [0;1mSET NAMES 'utf8'[0m
  [4;35;1mSQL (0.0ms)[0m   [0mSET SQL_AUTO_IS_NULL=0[0m


Processing PostsController#index (for 127.0.0.1 at 2009-12-25 09:48:18) [GET]
  [4;36;1mSQL (0.0ms)[0m   [0;1mSHOW TABLES[0m
  [4;35;1mPost Columns (0.0ms)[0m   [0mSHOW FIELDS FROM `posts`[0m
Rendering template within layouts/posts
Rendering posts/index
  [4;32;1mSphinx[0m   [0mQuerying: ''[0m
  [4;32;1mSphinx (0.000000s)[0m   [0mFound 2 results[0m
  [4;36;1mPost Load (0.0ms)[0m   [0;1mSELECT * FROM `posts` WHERE (`posts`.`id` IN (1,2)) [0m
Completed in 78ms (View: 32, DB: 0) | 200 OK [http://localhost/posts]
  [4;35;1mSQL (0.0ms)[0m   [0mSET NAMES 'utf8'[0m
  [4;36;1mSQL (0.0ms)[0m   [0;1mSET SQL_AUTO_IS_NULL=0[0m


Processing PostsController#index (for 127.0.0.1 at 2009-12-25 09:48:29) [GET]
  [4;35;1mSQL (0.0ms)[0m   [0mSHOW TABLES[0m
  [4;36;1mPost Columns (0.0ms)[0m   [0;1mSHOW FIELDS FROM `posts`[0m
Rendering template within layouts/posts
Rendering posts/index
  [4;32;1mSphinx[0m   [0mQuerying: ''[0m
  [4;32;1mSphinx (0.016000s)[0m   [0mFound 2 results[0m
  [4;35;1mPost Load (0.0ms)[0m   [0mSELECT * FROM `posts` WHERE (`posts`.`id` IN (1,2)) [0m
Completed in 93ms (View: 46, DB: 0) | 200 OK [http://localhost/posts]
  [4;36;1mSQL (0.0ms)[0m   [0;1mSET NAMES 'utf8'[0m
  [4;35;1mSQL (0.0ms)[0m   [0mSET SQL_AUTO_IS_NULL=0[0m


Processing PostsController#index (for 127.0.0.1 at 2009-12-25 09:48:36) [GET]
  [4;36;1mSQL (16.0ms)[0m   [0;1mSHOW TABLES[0m
  [4;35;1mPost Columns (0.0ms)[0m   [0mSHOW FIELDS FROM `posts`[0m
Rendering template within layouts/posts
Rendering posts/index
  [4;32;1mSphinx[0m   [0mQuerying: ''[0m
  [4;32;1mSphinx (0.000000s)[0m   [0mFound 2 results[0m
  [4;36;1mPost Load (0.0ms)[0m   [0;1mSELECT * FROM `posts` WHERE (`posts`.`id` IN (1,2)) [0m
Completed in 78ms (View: 31, DB: 16) | 200 OK [http://localhost/posts]
  [4;35;1mSQL (0.0ms)[0m   [0mSET NAMES 'utf8'[0m
  [4;36;1mSQL (0.0ms)[0m   [0;1mSET SQL_AUTO_IS_NULL=0[0m


Processing PostsController#create (for 127.0.0.1 at 2009-12-25 09:48:41) [POST]
  Parameters: {"commit"=>"Search", "authenticity_token"=>"CcFkyAhnUstCBBw+O+CaPCVJBcOmsg8eDEAVqQIPPKo=", "params"=>"rails"}
  [4;35;1mPost Columns (0.0ms)[0m   [0mSHOW FIELDS FROM `posts`[0m
  [4;36;1mSQL (0.0ms)[0m   [0;1mBEGIN[0m
  [4;35;1mSQL (0.0ms)[0m   [0mSHOW TABLES[0m
  [4;36;1mPost Create (0.0ms)[0m   [0;1mINSERT INTO `posts` (`updated_at`, `title`, `body`, `created_at`) VALUES('2009-12-25 04:18:41', NULL, NULL, '2009-12-25 04:18:41')[0m
  [4;35;1mSQL (15.0ms)[0m   [0mCOMMIT[0m
  [4;32;1mSphinx[0m   [0mQuerying: ''[0m
  [4;32;1mSphinx (0.000000s)[0m   [0mFound 0 results[0m
Redirected to http://localhost:3000/posts/3
Completed in 94ms (DB: 15) | 302 Found [http://localhost/posts]
  [4;36;1mSQL (0.0ms)[0m   [0;1mSET NAMES 'utf8'[0m
  [4;35;1mSQL (0.0ms)[0m   [0mSET SQL_AUTO_IS_NULL=0[0m


Processing PostsController#show (for 127.0.0.1 at 2009-12-25 09:48:42) [GET]
  Parameters: {"id"=>"3"}
  [4;36;1mPost Columns (0.0ms)[0m   [0;1mSHOW FIELDS FROM `posts`[0m
  [4;35;1mPost Load (0.0ms)[0m   [0mSELECT * FROM `posts` WHERE (`posts`.`id` = 3) [0m
Rendering template within layouts/posts
Rendering posts/show
Completed in 63ms (View: 0, DB: 0) | 200 OK [http://localhost/posts/3]
  [4;36;1mSQL (0.0ms)[0m   [0;1mSET NAMES 'utf8'[0m
  [4;35;1mSQL (0.0ms)[0m   [0mSET SQL_AUTO_IS_NULL=0[0m


Processing PostsController#create (for 127.0.0.1 at 2009-12-25 09:48:46) [POST]
  Parameters: {"commit"=>"Search", "authenticity_token"=>"CcFkyAhnUstCBBw+O+CaPCVJBcOmsg8eDEAVqQIPPKo=", "params"=>"rails"}
  [4;36;1mPost Columns (16.0ms)[0m   [0;1mSHOW FIELDS FROM `posts`[0m
  [4;35;1mSQL (0.0ms)[0m   [0mBEGIN[0m
  [4;36;1mSQL (0.0ms)[0m   [0;1mSHOW TABLES[0m
  [4;35;1mPost Create (0.0ms)[0m   [0mINSERT INTO `posts` (`updated_at`, `title`, `body`, `created_at`) VALUES('2009-12-25 04:18:46', NULL, NULL, '2009-12-25 04:18:46')[0m
  [4;36;1mSQL (31.0ms)[0m   [0;1mCOMMIT[0m
  [4;32;1mSphinx[0m   [0mQuerying: ''[0m
  [4;32;1mSphinx (0.000000s)[0m   [0mFound 0 results[0m
Redirected to http://localhost:3000/posts/4
Completed in 94ms (DB: 47) | 302 Found [http://localhost/posts]
  [4;35;1mSQL (0.0ms)[0m   [0mSET NAMES 'utf8'[0m
  [4;36;1mSQL (0.0ms)[0m   [0;1mSET SQL_AUTO_IS_NULL=0[0m


Processing PostsController#show (for 127.0.0.1 at 2009-12-25 09:48:46) [GET]
  Parameters: {"id"=>"4"}
  [4;35;1mPost Columns (0.0ms)[0m   [0mSHOW FIELDS FROM `posts`[0m
  [4;36;1mPost Load (0.0ms)[0m   [0;1mSELECT * FROM `posts` WHERE (`posts`.`id` = 4) [0m
Rendering template within layouts/posts
Rendering posts/show
Completed in 46ms (View: 15, DB: 0) | 200 OK [http://localhost/posts/4]
  [4;35;1mSQL (0.0ms)[0m   [0mSET NAMES 'utf8'[0m
  [4;36;1mSQL (15.0ms)[0m   [0;1mSET SQL_AUTO_IS_NULL=0[0m


Processing PostsController#index (for 127.0.0.1 at 2009-12-25 09:48:57) [GET]
  [4;35;1mSQL (0.0ms)[0m   [0mSHOW TABLES[0m
  [4;36;1mPost Columns (15.0ms)[0m   [0;1mSHOW FIELDS FROM `posts`[0m
Rendering template within layouts/posts
Rendering posts/index
  [4;32;1mSphinx[0m   [0mQuerying: ''[0m
  [4;32;1mSphinx (0.000000s)[0m   [0mFound 2 results[0m
  [4;35;1mPost Load (0.0ms)[0m   [0mSELECT * FROM `posts` WHERE (`posts`.`id` IN (1,2)) [0m
Completed in 94ms (View: 47, DB: 30) | 200 OK [http://localhost/posts]
  [4;36;1mSQL (0.0ms)[0m   [0;1mSET NAMES 'utf8'[0m
  [4;35;1mSQL (0.0ms)[0m   [0mSET SQL_AUTO_IS_NULL=0[0m


Processing ApplicationController#index (for 127.0.0.1 at 2009-12-25 09:48:59) [POST]
  Parameters: {"commit"=>"Search", "authenticity_token"=>"CcFkyAhnUstCBBw+O+CaPCVJBcOmsg8eDEAVqQIPPKo=", "params"=>"rails"}

ActionController::RoutingError (No route matches "/" with {:method=>:post}):
  C:/Ruby/lib/ruby/1.8/webrick/httpserver.rb:104:in `service'
  C:/Ruby/lib/ruby/1.8/webrick/httpserver.rb:65:in `run'
  C:/Ruby/lib/ruby/1.8/webrick/server.rb:173:in `start_thread'
  C:/Ruby/lib/ruby/1.8/webrick/server.rb:162:in `start'
  C:/Ruby/lib/ruby/1.8/webrick/server.rb:162:in `start_thread'
  C:/Ruby/lib/ruby/1.8/webrick/server.rb:95:in `start'
  C:/Ruby/lib/ruby/1.8/webrick/server.rb:92:in `each'
  C:/Ruby/lib/ruby/1.8/webrick/server.rb:92:in `start'
  C:/Ruby/lib/ruby/1.8/webrick/server.rb:23:in `start'
  C:/Ruby/lib/ruby/1.8/webrick/server.rb:82:in `start'

Rendering rescues/layout (not_found)
  [4;36;1mSQL (0.0ms)[0m   [0;1mSET NAMES 'utf8'[0m
  [4;35;1mSQL (0.0ms)[0m   [0mSET SQL_AUTO_IS_NULL=0[0m


Processing PostsController#index (for 127.0.0.1 at 2009-12-25 09:49:07) [GET]
  [4;36;1mSQL (0.0ms)[0m   [0;1mSHOW TABLES[0m
  [4;35;1mPost Columns (0.0ms)[0m   [0mSHOW FIELDS FROM `posts`[0m
Rendering template within layouts/posts
Rendering posts/index
  [4;32;1mSphinx[0m   [0mQuerying: ''[0m
  [4;32;1mSphinx (0.031000s)[0m   [0mFound 2 results[0m
  [4;36;1mPost Load (0.0ms)[0m   [0;1mSELECT * FROM `posts` WHERE (`posts`.`id` IN (1,2)) [0m
Completed in 109ms (View: 62, DB: 0) | 200 OK [http://localhost/posts]
  [4;35;1mSQL (0.0ms)[0m   [0mSET NAMES 'utf8'[0m
  [4;36;1mSQL (0.0ms)[0m   [0;1mSET SQL_AUTO_IS_NULL=0[0m


Processing PostsController#create (for 127.0.0.1 at 2009-12-25 09:49:09) [POST]
  Parameters: {"commit"=>"Search", "authenticity_token"=>"CcFkyAhnUstCBBw+O+CaPCVJBcOmsg8eDEAVqQIPPKo=", "params"=>"rails"}
  [4;35;1mPost Columns (0.0ms)[0m   [0mSHOW FIELDS FROM `posts`[0m
  [4;36;1mSQL (0.0ms)[0m   [0;1mBEGIN[0m
  [4;35;1mSQL (0.0ms)[0m   [0mSHOW TABLES[0m
  [4;36;1mPost Create (0.0ms)[0m   [0;1mINSERT INTO `posts` (`updated_at`, `title`, `body`, `created_at`) VALUES('2009-12-25 04:19:09', NULL, NULL, '2009-12-25 04:19:09')[0m
  [4;35;1mSQL (15.0ms)[0m   [0mCOMMIT[0m
  [4;32;1mSphinx[0m   [0mQuerying: ''[0m
  [4;32;1mSphinx (0.000000s)[0m   [0mFound 0 results[0m
Redirected to http://localhost:3000/posts/5
Completed in 78ms (DB: 15) | 302 Found [http://localhost/posts]
  [4;36;1mSQL (0.0ms)[0m   [0;1mSET NAMES 'utf8'[0m
  [4;35;1mSQL (0.0ms)[0m   [0mSET SQL_AUTO_IS_NULL=0[0m


Processing PostsController#show (for 127.0.0.1 at 2009-12-25 09:49:09) [GET]
  Parameters: {"id"=>"5"}
  [4;36;1mPost Columns (0.0ms)[0m   [0;1mSHOW FIELDS FROM `posts`[0m
  [4;35;1mPost Load (0.0ms)[0m   [0mSELECT * FROM `posts` WHERE (`posts`.`id` = 5) [0m
Rendering template within layouts/posts
Rendering posts/show
Completed in 63ms (View: 16, DB: 0) | 200 OK [http://localhost/posts/5]
  [4;36;1mSQL (0.0ms)[0m   [0;1mSET NAMES 'utf8'[0m
  [4;35;1mSQL (0.0ms)[0m   [0mSET SQL_AUTO_IS_NULL=0[0m


Processing PostsController#index (for 127.0.0.1 at 2009-12-25 09:50:58) [GET]
  [4;36;1mSQL (0.0ms)[0m   [0;1mSHOW TABLES[0m
  [4;35;1mPost Columns (0.0ms)[0m   [0mSHOW FIELDS FROM `posts`[0m
Rendering template within layouts/posts
Rendering posts/index
  [4;32;1mSphinx[0m   [0mQuerying: ''[0m
  [4;32;1mSphinx (0.000000s)[0m   [0mFound 2 results[0m
  [4;36;1mPost Load (16.0ms)[0m   [0;1mSELECT * FROM `posts` WHERE (`posts`.`id` IN (1,2)) [0m
Completed in 93ms (View: 31, DB: 16) | 200 OK [http://localhost/posts]
  [4;35;1mSQL (0.0ms)[0m   [0mSET NAMES 'utf8'[0m
  [4;36;1mSQL (0.0ms)[0m   [0;1mSET SQL_AUTO_IS_NULL=0[0m


Processing PostsController#create (for 127.0.0.1 at 2009-12-25 09:51:02) [POST]
  Parameters: {"search"=>"rails", "commit"=>"Search", "authenticity_token"=>"CcFkyAhnUstCBBw+O+CaPCVJBcOmsg8eDEAVqQIPPKo="}
  [4;35;1mPost Columns (0.0ms)[0m   [0mSHOW FIELDS FROM `posts`[0m
  [4;36;1mSQL (15.0ms)[0m   [0;1mBEGIN[0m
  [4;35;1mSQL (0.0ms)[0m   [0mSHOW TABLES[0m
  [4;36;1mPost Create (0.0ms)[0m   [0;1mINSERT INTO `posts` (`updated_at`, `title`, `body`, `created_at`) VALUES('2009-12-25 04:21:02', NULL, NULL, '2009-12-25 04:21:02')[0m
  [4;35;1mSQL (32.0ms)[0m   [0mCOMMIT[0m
  [4;32;1mSphinx[0m   [0mQuerying: ''[0m
  [4;32;1mSphinx (0.000000s)[0m   [0mFound 0 results[0m
Redirected to http://localhost:3000/posts/6
Completed in 94ms (DB: 47) | 302 Found [http://localhost/posts]
  [4;36;1mSQL (0.0ms)[0m   [0;1mSET NAMES 'utf8'[0m
  [4;35;1mSQL (0.0ms)[0m   [0mSET SQL_AUTO_IS_NULL=0[0m


Processing PostsController#show (for 127.0.0.1 at 2009-12-25 09:51:03) [GET]
  Parameters: {"id"=>"6"}
  [4;36;1mPost Columns (0.0ms)[0m   [0;1mSHOW FIELDS FROM `posts`[0m
  [4;35;1mPost Load (0.0ms)[0m   [0mSELECT * FROM `posts` WHERE (`posts`.`id` = 6) [0m
Rendering template within layouts/posts
Rendering posts/show
Completed in 62ms (View: 0, DB: 0) | 200 OK [http://localhost/posts/6]
  [4;36;1mSQL (0.0ms)[0m   [0;1mSET NAMES 'utf8'[0m
  [4;35;1mSQL (0.0ms)[0m   [0mSET SQL_AUTO_IS_NULL=0[0m


Processing PostsController#index (for 127.0.0.1 at 2009-12-25 09:51:15) [GET]
  [4;36;1mSQL (0.0ms)[0m   [0;1mSHOW TABLES[0m
  [4;35;1mPost Columns (0.0ms)[0m   [0mSHOW FIELDS FROM `posts`[0m
Rendering template within layouts/posts
Rendering posts/index

ActionView::TemplateError (wrong number of arguments (0 for 1)) on line #4 of app/views/posts/index.html.erb:
1: <h1>Listing posts</h1>
2: 
3: <p>
4:   <% form_tag '/posts', method => 'get' do %>
5:     <%= text_field_tag :search %>
6:     <%= submit_tag 'Search' %>
7:   <% end %>

    app/views/posts/index.html.erb:4:in `method'
    app/views/posts/index.html.erb:4
    app/controllers/posts_controller.rb:7:in `index'
    C:/Ruby/lib/ruby/1.8/webrick/httpserver.rb:104:in `service'
    C:/Ruby/lib/ruby/1.8/webrick/httpserver.rb:65:in `run'
    C:/Ruby/lib/ruby/1.8/webrick/server.rb:173:in `start_thread'
    C:/Ruby/lib/ruby/1.8/webrick/server.rb:162:in `start'
    C:/Ruby/lib/ruby/1.8/webrick/server.rb:162:in `start_thread'
    C:/Ruby/lib/ruby/1.8/webrick/server.rb:95:in `start'
    C:/Ruby/lib/ruby/1.8/webrick/server.rb:92:in `each'
    C:/Ruby/lib/ruby/1.8/webrick/server.rb:92:in `start'
    C:/Ruby/lib/ruby/1.8/webrick/server.rb:23:in `start'
    C:/Ruby/lib/ruby/1.8/webrick/server.rb:82:in `start'

Rendered rescues/_trace (94.0ms)
Rendered rescues/_request_and_response (0.0ms)
Rendering rescues/layout (internal_server_error)
  [4;36;1mSQL (0.0ms)[0m   [0;1mSET NAMES 'utf8'[0m
  [4;35;1mSQL (0.0ms)[0m   [0mSET SQL_AUTO_IS_NULL=0[0m


Processing PostsController#index (for 127.0.0.1 at 2009-12-25 09:51:28) [GET]
  [4;36;1mSQL (0.0ms)[0m   [0;1mSHOW TABLES[0m
  [4;35;1mPost Columns (0.0ms)[0m   [0mSHOW FIELDS FROM `posts`[0m
Rendering template within layouts/posts
Rendering posts/index
  [4;32;1mSphinx[0m   [0mQuerying: ''[0m
  [4;32;1mSphinx (0.016000s)[0m   [0mFound 2 results[0m
  [4;36;1mPost Load (0.0ms)[0m   [0;1mSELECT * FROM `posts` WHERE (`posts`.`id` IN (1,2)) [0m
Completed in 94ms (View: 47, DB: 0) | 200 OK [http://localhost/posts]
  [4;35;1mSQL (0.0ms)[0m   [0mSET NAMES 'utf8'[0m
  [4;36;1mSQL (0.0ms)[0m   [0;1mSET SQL_AUTO_IS_NULL=0[0m


Processing PostsController#index (for 127.0.0.1 at 2009-12-25 09:51:35) [GET]
  Parameters: {"search"=>"rails", "commit"=>"Search"}
  [4;35;1mSQL (0.0ms)[0m   [0mSHOW TABLES[0m
  [4;36;1mPost Columns (0.0ms)[0m   [0;1mSHOW FIELDS FROM `posts`[0m
Rendering template within layouts/posts
Rendering posts/index
  [4;32;1mSphinx[0m   [0mQuerying: ''[0m
  [4;32;1mSphinx (0.000000s)[0m   [0mFound 2 results[0m
  [4;35;1mPost Load (0.0ms)[0m   [0mSELECT * FROM `posts` WHERE (`posts`.`id` IN (1,2)) [0m
Completed in 62ms (View: 16, DB: 0) | 200 OK [http://localhost/posts?search=rails&commit=Search]
  [4;36;1mSQL (0.0ms)[0m   [0;1mSET NAMES 'utf8'[0m
  [4;35;1mSQL (0.0ms)[0m   [0mSET SQL_AUTO_IS_NULL=0[0m


Processing PostsController#index (for 127.0.0.1 at 2009-12-25 09:51:53) [GET]
  Parameters: {"search"=>"rails"}
  [4;36;1mSQL (0.0ms)[0m   [0;1mSHOW TABLES[0m
  [4;35;1mPost Columns (0.0ms)[0m   [0mSHOW FIELDS FROM `posts`[0m
Rendering template within layouts/posts
Rendering posts/index
  [4;32;1mSphinx[0m   [0mQuerying: ''[0m
  [4;32;1mSphinx (0.000000s)[0m   [0mFound 2 results[0m
  [4;36;1mPost Load (0.0ms)[0m   [0;1mSELECT * FROM `posts` WHERE (`posts`.`id` IN (1,2)) [0m
Completed in 78ms (View: 31, DB: 0) | 200 OK [http://localhost/posts?search=rails]
  [4;35;1mSQL (0.0ms)[0m   [0mSET NAMES 'utf8'[0m
  [4;36;1mSQL (0.0ms)[0m   [0;1mSET SQL_AUTO_IS_NULL=0[0m


Processing PostsController#index (for 127.0.0.1 at 2009-12-25 09:52:09) [GET]
  Parameters: {"search"=>"rails"}
  [4;35;1mSQL (0.0ms)[0m   [0mSHOW TABLES[0m
  [4;36;1mPost Columns (0.0ms)[0m   [0;1mSHOW FIELDS FROM `posts`[0m
Rendering template within layouts/posts
Rendering posts/index
  [4;32;1mSphinx[0m   [0mQuerying: ''[0m
  [4;32;1mSphinx (0.000000s)[0m   [0mFound 2 results[0m
  [4;35;1mPost Load (0.0ms)[0m   [0mSELECT * FROM `posts` WHERE (`posts`.`id` IN (1,2)) [0m
Completed in 93ms (View: 47, DB: 0) | 200 OK [http://localhost/posts?search=rails]
  [4;36;1mSQL (0.0ms)[0m   [0;1mSET NAMES 'utf8'[0m
  [4;35;1mSQL (0.0ms)[0m   [0mSET SQL_AUTO_IS_NULL=0[0m


Processing PostsController#index (for 127.0.0.1 at 2009-12-25 09:52:12) [GET]
  Parameters: {"search"=>"rails"}
  [4;36;1mSQL (0.0ms)[0m   [0;1mSHOW TABLES[0m
  [4;35;1mPost Columns (0.0ms)[0m   [0mSHOW FIELDS FROM `posts`[0m
Rendering template within layouts/posts
Rendering posts/index
  [4;32;1mSphinx[0m   [0mQuerying: ''[0m
  [4;32;1mSphinx (0.000000s)[0m   [0mFound 2 results[0m
  [4;36;1mPost Load (0.0ms)[0m   [0;1mSELECT * FROM `posts` WHERE (`posts`.`id` IN (1,2)) [0m
Completed in 171ms (View: 125, DB: 0) | 200 OK [http://localhost/posts?search=rails]
  [4;35;1mSQL (16.0ms)[0m   [0mSET NAMES 'utf8'[0m
  [4;36;1mSQL (0.0ms)[0m   [0;1mSET SQL_AUTO_IS_NULL=0[0m


Processing PostsController#edit (for 127.0.0.1 at 2009-12-25 09:52:20) [GET]
  Parameters: {"id"=>"1"}
  [4;35;1mPost Columns (15.0ms)[0m   [0mSHOW FIELDS FROM `posts`[0m
  [4;36;1mPost Load (0.0ms)[0m   [0;1mSELECT * FROM `posts` WHERE (`posts`.`id` = 1) [0m
Rendering template within layouts/posts
Rendering posts/edit
Completed in 62ms (View: 16, DB: 31) | 200 OK [http://localhost/posts/1/edit]
  [4;35;1mSQL (0.0ms)[0m   [0mSET NAMES 'utf8'[0m
  [4;36;1mSQL (0.0ms)[0m   [0;1mSET SQL_AUTO_IS_NULL=0[0m


Processing PostsController#edit (for 127.0.0.1 at 2009-12-25 09:52:23) [GET]
  Parameters: {"id"=>"2"}
  [4;35;1mPost Columns (0.0ms)[0m   [0mSHOW FIELDS FROM `posts`[0m
  [4;36;1mPost Load (0.0ms)[0m   [0;1mSELECT * FROM `posts` WHERE (`posts`.`id` = 2) [0m
Rendering template within layouts/posts
Rendering posts/edit
Completed in 47ms (View: 15, DB: 0) | 200 OK [http://localhost/posts/2/edit]
  [4;35;1mSQL (0.0ms)[0m   [0mSET NAMES 'utf8'[0m
  [4;36;1mSQL (15.0ms)[0m   [0;1mSET SQL_AUTO_IS_NULL=0[0m


Processing PostsController#index (for 127.0.0.1 at 2009-12-25 09:52:28) [GET]
  Parameters: {"search"=>"wordpress"}
  [4;35;1mSQL (0.0ms)[0m   [0mSHOW TABLES[0m
  [4;36;1mPost Columns (0.0ms)[0m   [0;1mSHOW FIELDS FROM `posts`[0m
Rendering template within layouts/posts
Rendering posts/index
  [4;32;1mSphinx[0m   [0mQuerying: ''[0m
  [4;32;1mSphinx (0.000000s)[0m   [0mFound 2 results[0m
  [4;35;1mPost Load (0.0ms)[0m   [0mSELECT * FROM `posts` WHERE (`posts`.`id` IN (1,2)) [0m
Completed in 63ms (View: 16, DB: 15) | 200 OK [http://localhost/posts?search=wordpress]
  [4;36;1mSQL (0.0ms)[0m   [0;1mSET NAMES 'utf8'[0m
  [4;35;1mSQL (0.0ms)[0m   [0mSET SQL_AUTO_IS_NULL=0[0m


Processing PostsController#index (for 127.0.0.1 at 2009-12-25 09:53:13) [GET]
  Parameters: {"search"=>"wordpress"}
  [4;36;1mSQL (0.0ms)[0m   [0;1mSHOW TABLES[0m
  [4;35;1mPost Columns (15.0ms)[0m   [0mSHOW FIELDS FROM `posts`[0m
Rendering template within layouts/posts
Rendering posts/index
  [4;32;1mSphinx[0m   [0mQuerying: 'wordpress'[0m
  [4;32;1mSphinx (0.000000s)[0m   [0mFound 1 results[0m
  [4;36;1mPost Load (0.0ms)[0m   [0;1mSELECT * FROM `posts` WHERE (`posts`.`id` IN (2)) [0m
Completed in 62ms (View: 16, DB: 15) | 200 OK [http://localhost/posts?search=wordpress]
  [4;35;1mSQL (0.0ms)[0m   [0mSET NAMES 'utf8'[0m
  [4;36;1mSQL (0.0ms)[0m   [0;1mSET SQL_AUTO_IS_NULL=0[0m


Processing PostsController#index (for 127.0.0.1 at 2009-12-25 09:54:13) [GET]
  Parameters: {"search"=>"wordpress"}
  [4;35;1mSQL (0.0ms)[0m   [0mSHOW TABLES[0m
  [4;36;1mPost Columns (0.0ms)[0m   [0;1mSHOW FIELDS FROM `posts`[0m
Rendering template within layouts/posts
Rendering posts/index
  [4;32;1mSphinx[0m   [0mQuerying: 'wordpress'[0m
  [4;32;1mSphinx (0.000000s)[0m   [0mFound 1 results[0m
  [4;35;1mPost Load (0.0ms)[0m   [0mSELECT * FROM `posts` WHERE (`posts`.`id` IN (2)) [0m

ActionView::TemplateError (undefined local variable or method `projects_path' for #<ActionView::Base:0x75b3c0c>) on line #3 of app/views/posts/index.html.erb:
1: <h1>Listing posts</h1>
2: 
3: <% form_tag projects_path, :method => 'get' do %>
4:   <p>
5:     <%= text_field_tag :search, params[:search] %>
6:     <%= submit_tag "Search", :name => nil %>

    app/views/posts/index.html.erb:3
    app/controllers/posts_controller.rb:7:in `index'
    C:/Ruby/lib/ruby/1.8/webrick/httpserver.rb:104:in `service'
    C:/Ruby/lib/ruby/1.8/webrick/httpserver.rb:65:in `run'
    C:/Ruby/lib/ruby/1.8/webrick/server.rb:173:in `start_thread'
    C:/Ruby/lib/ruby/1.8/webrick/server.rb:162:in `start'
    C:/Ruby/lib/ruby/1.8/webrick/server.rb:162:in `start_thread'
    C:/Ruby/lib/ruby/1.8/webrick/server.rb:95:in `start'
    C:/Ruby/lib/ruby/1.8/webrick/server.rb:92:in `each'
    C:/Ruby/lib/ruby/1.8/webrick/server.rb:92:in `start'
    C:/Ruby/lib/ruby/1.8/webrick/server.rb:23:in `start'
    C:/Ruby/lib/ruby/1.8/webrick/server.rb:82:in `start'

Rendered rescues/_trace (78.0ms)
Rendered rescues/_request_and_response (0.0ms)
Rendering rescues/layout (internal_server_error)
  [4;36;1mSQL (15.0ms)[0m   [0;1mSET NAMES 'utf8'[0m
  [4;35;1mSQL (0.0ms)[0m   [0mSET SQL_AUTO_IS_NULL=0[0m


Processing PostsController#index (for 127.0.0.1 at 2009-12-25 09:54:23) [GET]
  Parameters: {"search"=>"wordpress"}
  [4;36;1mSQL (0.0ms)[0m   [0;1mSHOW TABLES[0m
  [4;35;1mPost Columns (0.0ms)[0m   [0mSHOW FIELDS FROM `posts`[0m
Rendering template within layouts/posts
Rendering posts/index
  [4;32;1mSphinx[0m   [0mQuerying: 'wordpress'[0m
  [4;32;1mSphinx (0.000000s)[0m   [0mFound 1 results[0m
  [4;36;1mPost Load (0.0ms)[0m   [0;1mSELECT * FROM `posts` WHERE (`posts`.`id` IN (2)) [0m
Completed in 78ms (View: 31, DB: 15) | 200 OK [http://localhost/posts?search=wordpress]
  [4;35;1mSQL (0.0ms)[0m   [0mSET NAMES 'utf8'[0m
  [4;36;1mSQL (0.0ms)[0m   [0;1mSET SQL_AUTO_IS_NULL=0[0m


Processing PostsController#index (for 127.0.0.1 at 2009-12-25 09:54:27) [GET]
  [4;35;1mSQL (0.0ms)[0m   [0mSHOW TABLES[0m
  [4;36;1mPost Columns (0.0ms)[0m   [0;1mSHOW FIELDS FROM `posts`[0m
Rendering template within layouts/posts
Rendering posts/index
  [4;32;1mSphinx[0m   [0mQuerying: ''[0m
  [4;32;1mSphinx (0.000000s)[0m   [0mFound 2 results[0m
  [4;35;1mPost Load (0.0ms)[0m   [0mSELECT * FROM `posts` WHERE (`posts`.`id` IN (1,2)) [0m
Completed in 62ms (View: 15, DB: 0) | 200 OK [http://localhost/posts]
  [4;36;1mSQL (0.0ms)[0m   [0;1mSET NAMES 'utf8'[0m
  [4;35;1mSQL (0.0ms)[0m   [0mSET SQL_AUTO_IS_NULL=0[0m


Processing PostsController#index (for 127.0.0.1 at 2009-12-25 09:54:33) [GET]
  Parameters: {"search"=>"rails"}
  [4;36;1mSQL (0.0ms)[0m   [0;1mSHOW TABLES[0m
  [4;35;1mPost Columns (0.0ms)[0m   [0mSHOW FIELDS FROM `posts`[0m
Rendering template within layouts/posts
Rendering posts/index
  [4;32;1mSphinx[0m   [0mQuerying: 'rails'[0m
  [4;32;1mSphinx (0.015000s)[0m   [0mFound 1 results[0m
  [4;36;1mPost Load (0.0ms)[0m   [0;1mSELECT * FROM `posts` WHERE (`posts`.`id` IN (1)) [0m
Completed in 78ms (View: 47, DB: 0) | 200 OK [http://localhost/posts?search=rails]
  [4;35;1mSQL (0.0ms)[0m   [0mSET NAMES 'utf8'[0m
  [4;36;1mSQL (0.0ms)[0m   [0;1mSET SQL_AUTO_IS_NULL=0[0m


Processing PostsController#index (for 127.0.0.1 at 2009-12-25 09:56:34) [GET]
  Parameters: {"search"=>"post"}
  [4;35;1mSQL (0.0ms)[0m   [0mSHOW TABLES[0m
  [4;36;1mPost Columns (15.0ms)[0m   [0;1mSHOW FIELDS FROM `posts`[0m
Rendering template within layouts/posts
Rendering posts/index
  [4;32;1mSphinx[0m   [0mQuerying: 'post'[0m
  [4;32;1mSphinx (0.000000s)[0m   [0mFound 2 results[0m
  [4;35;1mPost Load (0.0ms)[0m   [0mSELECT * FROM `posts` WHERE (`posts`.`id` IN (1,2)) [0m
Completed in 78ms (View: 32, DB: 15) | 200 OK [http://localhost/posts?search=post]
  [4;36;1mSQL (0.0ms)[0m   [0;1mSET NAMES 'utf8'[0m
  [4;35;1mSQL (0.0ms)[0m   [0mSET SQL_AUTO_IS_NULL=0[0m


Processing PostsController#index (for 127.0.0.1 at 2009-12-25 09:56:41) [GET]
  Parameters: {"search"=>"rails wordpress"}
  [4;36;1mSQL (16.0ms)[0m   [0;1mSHOW TABLES[0m
  [4;35;1mPost Columns (0.0ms)[0m   [0mSHOW FIELDS FROM `posts`[0m
Rendering template within layouts/posts
Rendering posts/index
  [4;32;1mSphinx[0m   [0mQuerying: 'rails wordpress'[0m
  [4;32;1mSphinx (0.000000s)[0m   [0mFound 0 results[0m
Completed in 62ms (View: 15, DB: 16) | 200 OK [http://localhost/posts?search=rails+wordpress]
  [4;36;1mSQL (0.0ms)[0m   [0;1mSET NAMES 'utf8'[0m
  [4;35;1mSQL (0.0ms)[0m   [0mSET SQL_AUTO_IS_NULL=0[0m


Processing PostsController#index (for 127.0.0.1 at 2009-12-25 09:56:46) [GET]
  Parameters: {"search"=>"rails | wordpress"}
  [4;36;1mSQL (0.0ms)[0m   [0;1mSHOW TABLES[0m
  [4;35;1mPost Columns (0.0ms)[0m   [0mSHOW FIELDS FROM `posts`[0m
Rendering template within layouts/posts
Rendering posts/index
  [4;32;1mSphinx[0m   [0mQuerying: 'rails | wordpress'[0m
  [4;32;1mSphinx (0.032000s)[0m   [0mFound 0 results[0m
Completed in 78ms (View: 32, DB: 0) | 200 OK [http://localhost/posts?search=rails+%7C+wordpress]
  [4;36;1mSQL (0.0ms)[0m   [0;1mSET NAMES 'utf8'[0m
  [4;35;1mSQL (0.0ms)[0m   [0mSET SQL_AUTO_IS_NULL=0[0m


Processing PostsController#index (for 127.0.0.1 at 2009-12-25 09:56:54) [GET]
  Parameters: {"search"=>"rails || wordpress"}
  [4;36;1mSQL (0.0ms)[0m   [0;1mSHOW TABLES[0m
  [4;35;1mPost Columns (0.0ms)[0m   [0mSHOW FIELDS FROM `posts`[0m
Rendering template within layouts/posts
Rendering posts/index
  [4;32;1mSphinx[0m   [0mQuerying: 'rails || wordpress'[0m
  [4;32;1mSphinx (0.000000s)[0m   [0mFound 0 results[0m
Completed in 63ms (View: 0, DB: 0) | 200 OK [http://localhost/posts?search=rails+%7C%7C+wordpress]
  [4;36;1mSQL (0.0ms)[0m   [0;1mSET NAMES 'utf8'[0m
  [4;35;1mSQL (0.0ms)[0m   [0mSET SQL_AUTO_IS_NULL=0[0m


Processing PostsController#index (for 127.0.0.1 at 2009-12-25 09:57:01) [GET]
  Parameters: {"search"=>"rails -wordpress"}
  [4;36;1mSQL (0.0ms)[0m   [0;1mSHOW TABLES[0m
  [4;35;1mPost Columns (16.0ms)[0m   [0mSHOW FIELDS FROM `posts`[0m
Rendering template within layouts/posts
Rendering posts/index
  [4;32;1mSphinx[0m   [0mQuerying: 'rails -wordpress'[0m
  [4;32;1mSphinx (0.016000s)[0m   [0mFound 0 results[0m
Completed in 78ms (View: 16, DB: 16) | 200 OK [http://localhost/posts?search=rails+-wordpress]
  [4;36;1mSQL (0.0ms)[0m   [0;1mSET NAMES 'utf8'[0m
  [4;35;1mSQL (0.0ms)[0m   [0mSET SQL_AUTO_IS_NULL=0[0m


Processing PostsController#index (for 127.0.0.1 at 2009-12-25 09:57:05) [GET]
  Parameters: {"search"=>"rails -post"}
  [4;36;1mSQL (0.0ms)[0m   [0;1mSHOW TABLES[0m
  [4;35;1mPost Columns (0.0ms)[0m   [0mSHOW FIELDS FROM `posts`[0m
Rendering template within layouts/posts
Rendering posts/index
  [4;32;1mSphinx[0m   [0mQuerying: 'rails -post'[0m
  [4;32;1mSphinx (0.000000s)[0m   [0mFound 1 results[0m
  [4;36;1mPost Load (0.0ms)[0m   [0;1mSELECT * FROM `posts` WHERE (`posts`.`id` IN (1)) [0m
Completed in 78ms (View: 31, DB: 0) | 200 OK [http://localhost/posts?search=rails+-post]
  [4;35;1mSQL (0.0ms)[0m   [0mSET NAMES 'utf8'[0m
  [4;36;1mSQL (0.0ms)[0m   [0;1mSET SQL_AUTO_IS_NULL=0[0m


Processing PostsController#index (for 127.0.0.1 at 2009-12-25 09:57:09) [GET]
  Parameters: {"search"=>"rails post"}
  [4;35;1mSQL (0.0ms)[0m   [0mSHOW TABLES[0m
  [4;36;1mPost Columns (0.0ms)[0m   [0;1mSHOW FIELDS FROM `posts`[0m
Rendering template within layouts/posts
Rendering posts/index
  [4;32;1mSphinx[0m   [0mQuerying: 'rails post'[0m
  [4;32;1mSphinx (0.000000s)[0m   [0mFound 1 results[0m
  [4;35;1mPost Load (0.0ms)[0m   [0mSELECT * FROM `posts` WHERE (`posts`.`id` IN (1)) [0m
Completed in 78ms (View: 15, DB: 0) | 200 OK [http://localhost/posts?search=rails+post]
  [4;36;1mSQL (0.0ms)[0m   [0;1mSET NAMES 'utf8'[0m
  [4;35;1mSQL (0.0ms)[0m   [0mSET SQL_AUTO_IS_NULL=0[0m


Processing PostsController#index (for 127.0.0.1 at 2009-12-25 15:42:21) [GET]
  Parameters: {"search"=>"rails post"}
  [4;36;1mSQL (1.0ms)[0m   [0;1mSHOW TABLES[0m
  [4;35;1mPost Columns (5.0ms)[0m   [0mSHOW FIELDS FROM `posts`[0m
Rendering template within layouts/posts
Rendering posts/index
  [4;32;1mSphinx[0m   [0mQuerying: 'rails post'[0m

ActionView::TemplateError (Connection to 127.0.0.1 on 9312 failed. No connection could be made because the target machine actively refused it. - connect(2)) on line #16 of app/views/posts/index.html.erb:
13:     <th>Body</th>
14:   </tr>
15: 
16: <% @posts.each do |post| %>
17:   <tr>
18:     <td><%=h post.title %></td>
19:     <td><%=h post.body %></td>

    vendor/plugins/thinking-sphinx/rails/./vendor/riddle/lib/riddle/client.rb:518:in `initialise_socket'
    vendor/plugins/thinking-sphinx/rails/./vendor/riddle/lib/riddle/0.9.9/client.rb:8:in `initialise_connection'
    vendor/plugins/thinking-sphinx/rails/./vendor/riddle/lib/riddle/client.rb:452:in `open_socket'
    vendor/plugins/thinking-sphinx/rails/./vendor/riddle/lib/riddle/client.rb:481:in `connect'
    vendor/plugins/thinking-sphinx/rails/./vendor/riddle/lib/riddle/client.rb:537:in `request'
    vendor/plugins/thinking-sphinx/rails/./vendor/riddle/lib/riddle/client.rb:203:in `run'
    vendor/plugins/thinking-sphinx/rails/./vendor/riddle/lib/riddle/client.rb:310:in `query'
    app/views/posts/index.html.erb:16
    app/controllers/posts_controller.rb:7:in `index'
    C:/Ruby/lib/ruby/1.8/webrick/httpserver.rb:104:in `service'
    C:/Ruby/lib/ruby/1.8/webrick/httpserver.rb:65:in `run'
    C:/Ruby/lib/ruby/1.8/webrick/server.rb:173:in `start_thread'
    C:/Ruby/lib/ruby/1.8/webrick/server.rb:162:in `start'
    C:/Ruby/lib/ruby/1.8/webrick/server.rb:162:in `start_thread'
    C:/Ruby/lib/ruby/1.8/webrick/server.rb:95:in `start'
    C:/Ruby/lib/ruby/1.8/webrick/server.rb:92:in `each'
    C:/Ruby/lib/ruby/1.8/webrick/server.rb:92:in `start'
    C:/Ruby/lib/ruby/1.8/webrick/server.rb:23:in `start'
    C:/Ruby/lib/ruby/1.8/webrick/server.rb:82:in `start'

Rendered rescues/_trace (118.0ms)
Rendered rescues/_request_and_response (4.0ms)
Rendering rescues/layout (internal_server_error)
  [4;36;1mSQL (0.0ms)[0m   [0;1mSET NAMES 'utf8'[0m
  [4;35;1mSQL (0.0ms)[0m   [0mSET SQL_AUTO_IS_NULL=0[0m


Processing PostsController#index (for 127.0.0.1 at 2009-12-25 15:43:07) [GET]
  Parameters: {"search"=>"rails post"}
  [4;36;1mSQL (1.0ms)[0m   [0;1mSHOW TABLES[0m
  [4;35;1mPost Columns (4.0ms)[0m   [0mSHOW FIELDS FROM `posts`[0m
Rendering template within layouts/posts
Rendering posts/index
  [4;32;1mSphinx[0m   [0mQuerying: 'rails post'[0m
  [4;32;1mSphinx (0.505000s)[0m   [0mFound 1 results[0m
  [4;36;1mPost Load (1.0ms)[0m   [0;1mSELECT * FROM `posts` WHERE (`posts`.`id` IN (1)) [0m
Completed in 576ms (View: 534, DB: 6) | 200 OK [http://localhost/posts?search=rails+post]
  [4;35;1mSQL (0.0ms)[0m   [0mSET NAMES 'utf8'[0m
  [4;36;1mSQL (0.0ms)[0m   [0;1mSET SQL_AUTO_IS_NULL=0[0m


Processing PostsController#index (for 127.0.0.1 at 2009-12-25 15:43:17) [GET]
  Parameters: {"search"=>"nothing"}
  [4;35;1mSQL (1.0ms)[0m   [0mSHOW TABLES[0m
  [4;36;1mPost Columns (3.0ms)[0m   [0;1mSHOW FIELDS FROM `posts`[0m
Rendering template within layouts/posts
Rendering posts/index
  [4;32;1mSphinx[0m   [0mQuerying: 'nothing'[0m
  [4;32;1mSphinx (0.014000s)[0m   [0mFound 0 results[0m
Completed in 63ms (View: 22, DB: 4) | 200 OK [http://localhost/posts?search=nothing]
